<?xml version="1.0" encoding="UTF-8"?>
<!-- Generated by org.testng.reporters.JUnitReportReporter -->
<testsuite hostname="DESKTOP-7QDCR94" failures="0" tests="36" name="testRunner.TestRunner" time="97.071" errors="0" timestamp="2023-07-18T14:50:06 PDT" skipped="0">
  <testcase classname="testRunner.TestRunner" name="runScenario" time="0.652"/>
  <system-out/>
  <testcase classname="testRunner.TestRunner" name="runScenario" time="7.510"/>
  <system-out/>
  <testcase classname="testRunner.TestRunner" name="runScenario" time="5.509"/>
  <system-out/>
  <testcase classname="testRunner.TestRunner" name="runScenario" time="0.897"/>
  <system-out/>
  <testcase classname="testRunner.TestRunner" name="runScenario" time="2.673"/>
  <system-out/>
  <testcase classname="testRunner.TestRunner" name="runScenario" time="6.695"/>
  <system-out/>
  <testcase classname="testRunner.TestRunner" name="runScenario" time="1.899"/>
  <system-out/>
  <testcase classname="testRunner.TestRunner" name="runScenario" time="2.791"/>
  <system-out/>
  <testcase classname="testRunner.TestRunner" name="runScenario" time="2.252"/>
  <system-out/>
  <testcase classname="testRunner.TestRunner" name="runScenario" time="1.467"/>
  <system-out/>
  <testcase classname="testRunner.TestRunner" name="runScenario" time="7.640"/>
  <system-out/>
  <testcase classname="testRunner.TestRunner" name="runScenario" time="1.783"/>
  <system-out/>
  <testcase classname="testRunner.TestRunner" name="runScenario" time="6.943"/>
  <system-out/>
  <testcase classname="testRunner.TestRunner" name="runScenario" time="2.320"/>
  <system-out/>
  <testcase classname="testRunner.TestRunner" name="runScenario" time="1.559"/>
  <system-out/>
  <testcase classname="testRunner.TestRunner" name="runScenario" time="2.506"/>
  <system-out/>
  <testcase classname="testRunner.TestRunner" name="runScenario" time="1.968"/>
  <system-out/>
  <testcase classname="testRunner.TestRunner" name="runScenario" time="1.701"/>
  <system-out/>
  <testcase classname="testRunner.TestRunner" name="runScenario" time="2.091"/>
  <system-out/>
  <testcase classname="testRunner.TestRunner" name="runScenario" time="1.730"/>
  <system-out/>
  <testcase classname="testRunner.TestRunner" name="runScenario" time="2.432"/>
  <system-out/>
  <testcase classname="testRunner.TestRunner" name="runScenario" time="2.720"/>
  <system-out/>
  <testcase classname="testRunner.TestRunner" name="runScenario" time="0.640"/>
  <system-out/>
  <testcase classname="testRunner.TestRunner" name="runScenario" time="0.480"/>
  <system-out/>
  <testcase classname="testRunner.TestRunner" name="runScenario" time="2.114"/>
  <system-out/>
  <testcase classname="testRunner.TestRunner" name="runScenario" time="1.135"/>
  <system-out/>
  <testcase classname="testRunner.TestRunner" name="runScenario" time="0.674"/>
  <system-out/>
  <testcase classname="testRunner.TestRunner" name="runScenario" time="2.172"/>
  <system-out/>
  <testcase classname="testRunner.TestRunner" name="runScenario" time="2.797"/>
  <system-out/>
  <testcase classname="testRunner.TestRunner" name="runScenario" time="1.330"/>
  <system-out/>
  <testcase classname="testRunner.TestRunner" name="runScenario" time="1.930"/>
  <system-out/>
  <testcase classname="testRunner.TestRunner" name="runScenario" time="3.286"/>
  <system-out/>
  <testcase classname="testRunner.TestRunner" name="runScenario" time="7.271"/>
  <system-out/>
  <testcase classname="testRunner.TestRunner" name="runScenario" time="3.808"/>
  <system-out/>
  <testcase classname="testRunner.TestRunner" name="runScenario" time="0.942"/>
  <system-out/>
  <testcase classname="testRunner.TestRunner" name="runScenario" time="0.754"/>
  <system-out/>
</testsuite> <!-- testRunner.TestRunner -->
